# JRE version: Java(TM) SE Runtime Environment (17.0.12+8) (build 17.0.12+8-LTS-286)
# Java VM: Java HotSpot(TM) 64-Bit Server VM (17.0.12+8-LTS-286, mixed mode, emulated-client, sharing, tiered, compressed oops, compressed class ptrs, g1 gc, windows-amd64)
GC Precious Log:
 CPUs: 8 total, 8 available
 Memory: 8071M
 Large Page Support: Disabled
 NUMA Support: Disabled
 Compressed Oops: Enabled (32-bit)
 Heap Region Size: 1M
 Heap Min Capacity: 8M
 Heap Initial Capacity: 128M
 Heap Max Capacity: 2018M
 Pre-touch: Disabled
 Parallel Workers: 8
 Concurrent Workers: 2
 Concurrent Refinement Workers: 8
 Periodic GC: Disabled
Heap:
 garbage-first heap   total 99328K, used 69617K [0x0000000081e00000, 0x0000000100000000)
  region size 1024K, 41 young (41984K), 1 survivors (1024K)
 Metaspace       used 50019K, committed 50688K, reserved 1114112K
  class space    used 7246K, committed 7552K, reserved 1048576K
GC Heap History (20 events):
Event: 2248.428 GC heap before
{Heap before GC invocations=32 (full 0):
 garbage-first heap   total 65536K, used 53790K [0x0000000081e00000, 0x0000000100000000)
  region size 1024K, 24 young (24576K), 1 survivors (1024K)
 Metaspace       used 49952K, committed 50688K, reserved 1114112K
  class space    used 7234K, committed 7552K, reserved 1048576K
}
Event: 2248.460 GC heap after
{Heap after GC invocations=33 (full 0):
 garbage-first heap   total 65536K, used 30252K [0x0000000081e00000, 0x0000000100000000)
  region size 1024K, 1 young (1024K), 1 survivors (1024K)
 Metaspace       used 49952K, committed 50688K, reserved 1114112K
  class space    used 7234K, committed 7552K, reserved 1048576K
}
Event: 2693.912 GC heap before
{Heap before GC invocations=34 (full 0):
 garbage-first heap   total 65536K, used 53804K [0x0000000081e00000, 0x0000000100000000)
  region size 1024K, 24 young (24576K), 1 survivors (1024K)
 Metaspace       used 49952K, committed 50688K, reserved 1114112K
  class space    used 7234K, committed 7552K, reserved 1048576K
}
Event: 2693.964 GC heap after
{Heap after GC invocations=35 (full 0):
 garbage-first heap   total 65536K, used 30266K [0x0000000081e00000, 0x0000000100000000)
  region size 1024K, 1 young (1024K), 1 survivors (1024K)
 Metaspace       used 49952K, committed 50688K, reserved 1114112K
  class space    used 7234K, committed 7552K, reserved 1048576K
}
Event: 2733.357 GC heap before
{Heap before GC invocations=35 (full 0):
 garbage-first heap   total 65536K, used 32314K [0x0000000081e00000, 0x0000000100000000)
  region size 1024K, 3 young (3072K), 1 survivors (1024K)
 Metaspace       used 49952K, committed 50688K, reserved 1114112K
  class space    used 7234K, committed 7552K, reserved 1048576K
}
Event: 2733.372 GC heap after
{Heap after GC invocations=36 (full 0):
 garbage-first heap   total 65536K, used 30100K [0x0000000081e00000, 0x0000000100000000)
  region size 1024K, 1 young (1024K), 1 survivors (1024K)
 Metaspace       used 49952K, committed 50688K, reserved 1114112K
  class space    used 7234K, committed 7552K, reserved 1048576K
}
Event: 3192.969 GC heap before
{Heap before GC invocations=36 (full 0):
 garbage-first heap   total 65536K, used 53652K [0x0000000081e00000, 0x0000000100000000)
  region size 1024K, 24 young (24576K), 1 survivors (1024K)
 Metaspace       used 49974K, committed 50688K, reserved 1114112K
  class space    used 7238K, committed 7552K, reserved 1048576K
}
Event: 3193.015 GC heap after
{Heap after GC invocations=37 (full 0):
 garbage-first heap   total 65536K, used 30124K [0x0000000081e00000, 0x0000000100000000)
  region size 1024K, 1 young (1024K), 1 survivors (1024K)
 Metaspace       used 49974K, committed 50688K, reserved 1114112K
  class space    used 7238K, committed 7552K, reserved 1048576K
}
Event: 3676.271 GC heap before
{Heap before GC invocations=38 (full 0):
 garbage-first heap   total 65536K, used 54700K [0x0000000081e00000, 0x0000000100000000)
  region size 1024K, 25 young (25600K), 1 survivors (1024K)
 Metaspace       used 49974K, committed 50688K, reserved 1114112K
  class space    used 7238K, committed 7552K, reserved 1048576K
}
Event: 3676.292 GC heap after
{Heap after GC invocations=39 (full 0):
 garbage-first heap   total 65536K, used 30138K [0x0000000081e00000, 0x0000000100000000)
  region size 1024K, 1 young (1024K), 1 survivors (1024K)
 Metaspace       used 49974K, committed 50688K, reserved 1114112K
  class space    used 7238K, committed 7552K, reserved 1048576K
}
Event: 3705.133 GC heap before
{Heap before GC invocations=39 (full 0):
 garbage-first heap   total 65536K, used 32186K [0x0000000081e00000, 0x0000000100000000)
  region size 1024K, 3 young (3072K), 1 survivors (1024K)
 Metaspace       used 49977K, committed 50688K, reserved 1114112K
  class space    used 7238K, committed 7552K, reserved 1048576K
}
Event: 3705.151 GC heap after
{Heap after GC invocations=40 (full 0):
 garbage-first heap   total 65536K, used 29895K [0x0000000081e00000, 0x0000000100000000)
  region size 1024K, 1 young (1024K), 1 survivors (1024K)
 Metaspace       used 49977K, committed 50688K, reserved 1114112K
  class space    used 7238K, committed 7552K, reserved 1048576K
}
Event: 4192.265 GC heap before
{Heap before GC invocations=40 (full 0):
 garbage-first heap   total 65536K, used 55495K [0x0000000081e00000, 0x0000000100000000)
  region size 1024K, 26 young (26624K), 1 survivors (1024K)
 Metaspace       used 49994K, committed 50688K, reserved 1114112K
  class space    used 7241K, committed 7552K, reserved 1048576K
}
Event: 4192.276 GC heap after
{Heap after GC invocations=41 (full 0):
 garbage-first heap   total 65536K, used 29938K [0x0000000081e00000, 0x0000000100000000)
  region size 1024K, 1 young (1024K), 1 survivors (1024K)
 Metaspace       used 49994K, committed 50688K, reserved 1114112K
  class space    used 7241K, committed 7552K, reserved 1048576K
}
Event: 4695.815 GC heap before
{Heap before GC invocations=42 (full 0):
 garbage-first heap   total 65536K, used 55538K [0x0000000081e00000, 0x0000000100000000)
  region size 1024K, 26 young (26624K), 1 survivors (1024K)
 Metaspace       used 50003K, committed 50688K, reserved 1114112K
  class space    used 7242K, committed 7552K, reserved 1048576K
}
Event: 4695.866 GC heap after
{Heap after GC invocations=43 (full 0):
 garbage-first heap   total 99328K, used 29905K [0x0000000081e00000, 0x0000000100000000)
  region size 1024K, 1 young (1024K), 1 survivors (1024K)
 Metaspace       used 50003K, committed 50688K, reserved 1114112K
  class space    used 7242K, committed 7552K, reserved 1048576K
}
Event: 4755.920 GC heap before
{Heap before GC invocations=43 (full 0):
 garbage-first heap   total 99328K, used 32977K [0x0000000081e00000, 0x0000000100000000)
  region size 1024K, 4 young (4096K), 1 survivors (1024K)
 Metaspace       used 50003K, committed 50688K, reserved 1114112K
  class space    used 7242K, committed 7552K, reserved 1048576K
}
Event: 4755.986 GC heap after
{Heap after GC invocations=44 (full 0):
 garbage-first heap   total 99328K, used 29598K [0x0000000081e00000, 0x0000000100000000)
  region size 1024K, 1 young (1024K), 1 survivors (1024K)
 Metaspace       used 50003K, committed 50688K, reserved 1114112K
  class space    used 7242K, committed 7552K, reserved 1048576K
}
Event: 5821.587 GC heap before
{Heap before GC invocations=44 (full 0):
 garbage-first heap   total 99328K, used 84894K [0x0000000081e00000, 0x0000000100000000)
  region size 1024K, 55 young (56320K), 1 survivors (1024K)
 Metaspace       used 50024K, committed 50688K, reserved 1114112K
  class space    used 7246K, committed 7552K, reserved 1048576K
}
Event: 5821.639 GC heap after
{Heap after GC invocations=45 (full 0):
 garbage-first heap   total 99328K, used 29681K [0x0000000081e00000, 0x0000000100000000)
  region size 1024K, 1 young (1024K), 1 survivors (1024K)
 Metaspace       used 50024K, committed 50688K, reserved 1114112K
  class space    used 7246K, committed 7552K, reserved 1048576K
}

